#
# There is insufficient memory for the Java Runtime Environment to continue.
# Native memory allocation (malloc) failed to allocate 318208 bytes for Chunk::new
# Possible reasons:
#   The system is out of physical RAM or swap space
#   The process is running with CompressedOops enabled, and the Java Heap may be blocking the growth of the native heap
# Possible solutions:
#   Reduce memory load on the system
#   Increase physical memory or swap space
#   Check if swap backing store is full
#   Decrease Java heap size (-Xmx/-Xms)
#   Decrease number of Java threads
#   Decrease Java thread stack sizes (-Xss)
#   Set larger code cache with -XX:ReservedCodeCacheSize=
#   JVM is running with Unscaled Compressed Oops mode in which the Java heap is
#     placed in the first 4GB address space. The Java Heap base address is the
#     maximum limit for the native heap growth. Please use -XX:HeapBaseMinAddress
#     to set the Java Heap base and to place the Java Heap above 4GB virtual address.
# This output file may be truncated or incomplete.
#
#  Out of Memory Error (allocation.cpp:389), pid=7108, tid=0x00000000000018f0
#
# JRE version: OpenJDK Runtime Environment (8.0_242-b01) (build 1.8.0_242-release-1644-b01)
# Java VM: OpenJDK 64-Bit Server VM (25.242-b01 mixed mode windows-amd64 compressed oops)
# Failed to write core dump. Minidumps are not enabled by default on client versions of Windows
#

---------------  T H R E A D  ---------------

Current thread (0x00000000173ce800):  JavaThread "C2 CompilerThread0" daemon [_thread_in_native, id=6384, stack(0x00000000183e0000,0x00000000184e0000)]

Stack: [0x00000000183e0000,0x00000000184e0000]
[error occurred during error reporting (printing stack bounds), id 0xc0000005]

Native frames: (J=compiled Java code, j=interpreted, Vv=VM code, C=native code)


Current CompileTask:
C2:3223381 20550       4       com.android.tools.r8.B.a.a.f::a (3630 bytes)


---------------  P R O C E S S  ---------------

Java Threads: ( => current thread )
  0x0000000019300800 JavaThread "WorkerExecutor Queue Thread 4" [_thread_in_Java, id=5788, stack(0x0000000028300000,0x0000000028400000)]
  0x000000001aa5f800 JavaThread "Cache worker for Java compile cache (C:\Users\ABHISHEK\AndroidStudioProjects\SocialAuthentication\.gradle\6.1.1\javaCompile)" [_thread_blocked, id=5032, stack(0x0000000026e10000,0x0000000026f10000)]
  0x000000001aa5b000 JavaThread "Cache worker for Java compile cache (C:\Users\ABHISHEK\.gradle\caches\6.1.1\javaCompile)" [_thread_blocked, id=5576, stack(0x00000000259b0000,0x0000000025ab0000)]
  0x000000001aa5b800 JavaThread "WorkerExecutor Queue Thread 3" [_thread_blocked, id=6492, stack(0x0000000027c00000,0x0000000027d00000)]
  0x000000001aa50800 JavaThread "stdout" [_thread_in_native, id=2616, stack(0x0000000027900000,0x0000000027a00000)]
  0x000000001aa56800 JavaThread "stderr" [_thread_in_native, id=5572, stack(0x0000000027800000,0x0000000027900000)]
  0x000000001aa55800 JavaThread "stdout" [_thread_in_native, id=4652, stack(0x0000000027700000,0x0000000027800000)]
  0x000000001aa57000 JavaThread "stderr" [_thread_in_native, id=6288, stack(0x0000000027600000,0x0000000027700000)]
  0x000000001aa5c800 JavaThread "pool-7-thread-1" [_thread_blocked, id=5712, stack(0x0000000027500000,0x0000000027600000)]
  0x000000001aa53800 JavaThread "MarlinRenderer Disposer" daemon [_thread_blocked, id=6300, stack(0x0000000027330000,0x0000000027430000)]
  0x000000001aa55000 JavaThread "Java2D Disposer" daemon [_thread_blocked, id=5396, stack(0x0000000026d10000,0x0000000026e10000)]
  0x000000001aa54000 JavaThread "Cache worker for execution history cache (C:\Users\ABHISHEK\AndroidStudioProjects\SocialAuthentication\.gradle\6.1.1\executionHistory)" [_thread_blocked, id=3236, stack(0x00000000258b0000,0x00000000259b0000)]
  0x000000001aa52800 JavaThread "Execution worker for ':'" [_thread_blocked, id=3992, stack(0x00000000255b0000,0x00000000256b0000)]
  0x0000000019192000 JavaThread "Cache worker for file content cache (C:\Users\ABHISHEK\AndroidStudioProjects\SocialAuthentication\.gradle\6.1.1\fileContent)" [_thread_blocked, id=224, stack(0x00000000225e0000,0x00000000226e0000)]
  0x0000000019191000 JavaThread "Cache worker for Build Output Cleanup Cache (C:\Users\ABHISHEK\AndroidStudioProjects\SocialAuthentication\.gradle\buildOutputCleanup)" [_thread_blocked, id=4296, stack(0x00000000210a0000,0x00000000211a0000)]
  0x0000000019308000 JavaThread "Build operations Thread 2" [_thread_blocked, id=1032, stack(0x0000000020fa0000,0x00000000210a0000)]
  0x0000000019303800 JavaThread "Build operations" [_thread_blocked, id=6396, stack(0x0000000020aa0000,0x0000000020ba0000)]
  0x00000000192fe800 JavaThread "Cache worker for cache directory md-rule (C:\Users\ABHISHEK\.gradle\caches\6.1.1\md-rule)" [_thread_blocked, id=5436, stack(0x000000001e470000,0x000000001e570000)]
  0x0000000019303000 JavaThread "Cache worker for cache directory md-supplier (C:\Users\ABHISHEK\.gradle\caches\6.1.1\md-supplier)" [_thread_blocked, id=6520, stack(0x000000001e270000,0x000000001e370000)]
  0x0000000019301800 JavaThread "Cache worker for file hash cache (C:\Users\ABHISHEK\AndroidStudioProjects\SocialAuthentication\.gradle\6.1.1\fileHashes)" [_thread_blocked, id=6292, stack(0x000000001dd70000,0x000000001de70000)]
  0x0000000019305000 JavaThread "Cache worker for checksums cache (C:\Users\ABHISHEK\AndroidStudioProjects\SocialAuthentication\.gradle\checksums)" [_thread_blocked, id=3476, stack(0x000000001dc70000,0x000000001dd70000)]
  0x0000000019302000 JavaThread "Thread-70" [_thread_blocked, id=5316, stack(0x000000001c4a0000,0x000000001c5a0000)]
  0x0000000019300000 JavaThread "Asynchronous log dispatcher for DefaultDaemonConnection: socket connection from /127.0.0.1:56001 to /127.0.0.1:56809" [_thread_blocked, id=4936, stack(0x000000001c0a0000,0x000000001c1a0000)]
  0x00000000192fd000 JavaThread "Daemon worker Thread 4" [_thread_blocked, id=4104, stack(0x000000001bda0000,0x000000001bea0000)]
  0x00000000192f9000 JavaThread "Cancel handler" [_thread_blocked, id=6796, stack(0x000000001bba0000,0x000000001bca0000)]
  0x00000000192fc000 JavaThread "Handler for socket connection from /127.0.0.1:56001 to /127.0.0.1:56809" [_thread_in_native, id=3352, stack(0x0000000000e30000,0x0000000000f30000)]
  0x00000000192fb800 JavaThread "Daemon Thread 4" [_thread_blocked, id=1464, stack(0x0000000000c20000,0x0000000000d20000)]
  0x0000000019307800 JavaThread "Cache worker for file content cache (C:\Users\ABHISHEK\.gradle\caches\6.1.1\fileContent)" [_thread_blocked, id=4216, stack(0x00000000218a0000,0x00000000219a0000)]
  0x0000000019306800 JavaThread "Memory manager" [_thread_blocked, id=6076, stack(0x00000000217a0000,0x00000000218a0000)]
  0x000000001918b000 JavaThread "Cache worker for execution history cache (C:\Users\ABHISHEK\.gradle\caches\6.1.1\executionHistory)" [_thread_blocked, id=4856, stack(0x000000001e570000,0x000000001e670000)]
  0x000000001918e000 JavaThread "Cache worker for file hash cache (C:\Users\ABHISHEK\.gradle\caches\6.1.1\fileHashes)" [_thread_blocked, id=6856, stack(0x000000001c9a0000,0x000000001caa0000)]
  0x000000001918f000 JavaThread "File lock request listener" [_thread_in_native, id=6324, stack(0x000000001c8a0000,0x000000001c9a0000)]
  0x0000000019d4f800 JavaThread "Cache worker for journal cache (C:\Users\ABHISHEK\.gradle\caches\journal-1)" [_thread_blocked, id=3564, stack(0x000000001c7a0000,0x000000001c8a0000)]
  0x00000000189df800 JavaThread "Daemon periodic checks" [_thread_blocked, id=6180, stack(0x000000001bca0000,0x000000001bda0000)]
  0x00000000199db800 JavaThread "Incoming local TCP Connector on port 56001" [_thread_in_native, id=6200, stack(0x000000001b9c0000,0x000000001bac0000)]
  0x000000001a39b000 JavaThread "Daemon health stats" [_thread_blocked, id=4784, stack(0x000000001b380000,0x000000001b480000)]
  0x000000001743f800 JavaThread "Service Thread" daemon [_thread_blocked, id=7128, stack(0x00000000185e0000,0x00000000186e0000)]
  0x00000000173d6000 JavaThread "C1 CompilerThread1" daemon [_thread_blocked, id=4432, stack(0x00000000184e0000,0x00000000185e0000)]
=>0x00000000173ce800 JavaThread "C2 CompilerThread0" daemon [_thread_in_native, id=6384, stack(0x00000000183e0000,0x00000000184e0000)]
  0x00000000173cd000 JavaThread "Attach Listener" daemon [_thread_blocked, id=5152, stack(0x00000000182e0000,0x00000000183e0000)]
  0x00000000173d1800 JavaThread "Signal Dispatcher" daemon [_thread_blocked, id=5644, stack(0x00000000181e0000,0x00000000182e0000)]
  0x00000000029e7000 JavaThread "Finalizer" daemon [_thread_blocked, id=3768, stack(0x0000000018000000,0x0000000018100000)]
  0x00000000173b7000 JavaThread "Reference Handler" daemon [_thread_blocked, id=5416, stack(0x0000000017f00000,0x0000000018000000)]
  0x00000000028ee000 JavaThread "main" [_thread_blocked, id=6636, stack(0x0000000002770000,0x0000000002870000)]

Other Threads:
  0x0000000017396800 VMThread [stack: 0x0000000017e00000,0x0000000017f00000] [id=2192]
  0x0000000017444800 WatcherThread [stack: 0x00000000186e0000,0x00000000187e0000] [id=1560]

VM state:not at safepoint (normal execution)

VM Mutex/Monitor currently owned by a thread: None

heap address: 0x0000000080000000, size: 2048 MB, Compressed Oops mode: 32-bit
Narrow klass base: 0x0000000000000000, Narrow klass shift: 3
Compressed class space size: 1073741824 Address: 0x0000000100000000

Heap:
 PSYoungGen      total 335872K, used 158773K [0x00000000d5580000, 0x00000000efa80000, 0x0000000100000000)
  eden space 270848K, 36% used [0x00000000d5580000,0x00000000db6e1988,0x00000000e5e00000)
  from space 65024K, 90% used [0x00000000ea600000,0x00000000edfabae8,0x00000000ee580000)
  to   space 73728K, 0% used [0x00000000e5e00000,0x00000000e5e00000,0x00000000ea600000)
 ParOldGen       total 123904K, used 87664K [0x0000000080000000, 0x0000000087900000, 0x00000000d5580000)
  object space 123904K, 70% used [0x0000000080000000,0x000000008559c3c0,0x0000000087900000)
 Metaspace       used 110347K, capacity 115522K, committed 115624K, reserved 1148928K
  class space    used 14185K, capacity 15244K, committed 15272K, reserved 1048576K

Card table byte_map: [0x0000000011db0000,0x00000000121c0000] byte_map_base: 0x00000000119b0000

Marking Bits: (ParMarkBitMap*) 0x0000000068c6f030
 Begin Bits: [0x0000000012670000, 0x0000000014670000)
 End Bits:   [0x0000000014670000, 0x0000000016670000)

Polling page: 0x00000000026e0000

CodeCache: size=245760Kb used=53950Kb max_used=53950Kb free=191809Kb
 bounds [0x00000000029f0000, 0x0000000005f00000, 0x00000000119f0000]
 total_blobs=17236 nmethods=16184 adapters=965
 compilation: enabled

Compilation events (10 events):
Event: 3222.380 Thread 0x00000000173d6000 20559       3       com.android.tools.r8.u.b.W::x (191 bytes)
Event: 3222.381 Thread 0x00000000173d6000 nmethod 20559 0x0000000005d08250 code [0x0000000005d083c0, 0x0000000005d08610]
Event: 3222.386 Thread 0x00000000173d6000 20560       3       com.android.tools.r8.u.b.W::c (83 bytes)
Event: 3222.388 Thread 0x00000000173d6000 nmethod 20560 0x000000000590ed90 code [0x000000000590efa0, 0x000000000590f948]
Event: 3222.401 Thread 0x00000000173d6000 20561       3       com.android.tools.r8.ir.optimize.o::a (421 bytes)
Event: 3222.409 Thread 0x00000000173d6000 nmethod 20561 0x0000000005ef8fd0 code [0x0000000005ef95a0, 0x0000000005efcac8]
Event: 3222.426 Thread 0x00000000173d6000 20562       3       com.android.tools.r8.v.a.a.a.f.e0::iterator (9 bytes)
Event: 3222.427 Thread 0x00000000173d6000 nmethod 20562 0x0000000005d07cd0 code [0x0000000005d07e40, 0x0000000005d08110]
Event: 3222.436 Thread 0x00000000173d6000 20563       3       com.android.tools.r8.graph.c::hasLiveness (26 bytes)
Event: 3222.436 Thread 0x00000000173d6000 nmethod 20563 0x00000000043dc910 code [0x00000000043dca60, 0x00000000043dcbd0]

GC Heap History (10 events):
Event: 2778.558 GC heap before
{Heap before GC invocations=30 (full 4):
 PSYoungGen      total 266240K, used 256319K [0x00000000d5580000, 0x00000000e8e00000, 0x0000000100000000)
  eden space 232448K, 100% used [0x00000000d5580000,0x00000000e3880000,0x00000000e3880000)
  from space 33792K, 70% used [0x00000000e3880000,0x00000000e4fcfdc8,0x00000000e5980000)
  to   space 35328K, 0% used [0x00000000e6b80000,0x00000000e6b80000,0x00000000e8e00000)
 ParOldGen       total 123904K, used 68750K [0x0000000080000000, 0x0000000087900000, 0x00000000d5580000)
  object space 123904K, 55% used [0x0000000080000000,0x00000000843239b0,0x0000000087900000)
 Metaspace       used 90463K, capacity 94398K, committed 94504K, reserved 1130496K
  class space    used 11676K, capacity 12514K, committed 12584K, reserved 1048576K
Event: 2779.468 GC heap after
Heap after GC invocations=30 (full 4):
 PSYoungGen      total 280576K, used 22423K [0x00000000d5580000, 0x00000000e8d00000, 0x0000000100000000)
  eden space 246272K, 0% used [0x00000000d5580000,0x00000000d5580000,0x00000000e4600000)
  from space 34304K, 65% used [0x00000000e6b80000,0x00000000e8165ee0,0x00000000e8d00000)
  to   space 36352K, 0% used [0x00000000e4600000,0x00000000e4600000,0x00000000e6980000)
 ParOldGen       total 123904K, used 68758K [0x0000000080000000, 0x0000000087900000, 0x00000000d5580000)
  object space 123904K, 55% used [0x0000000080000000,0x00000000843259b0,0x0000000087900000)
 Metaspace       used 90463K, capacity 94398K, committed 94504K, reserved 1130496K
  class space    used 11676K, capacity 12514K, committed 12584K, reserved 1048576K
}
Event: 3062.705 GC heap before
{Heap before GC invocations=31 (full 4):
 PSYoungGen      total 280576K, used 268695K [0x00000000d5580000, 0x00000000e8d00000, 0x0000000100000000)
  eden space 246272K, 100% used [0x00000000d5580000,0x00000000e4600000,0x00000000e4600000)
  from space 34304K, 65% used [0x00000000e6b80000,0x00000000e8165ee0,0x00000000e8d00000)
  to   space 36352K, 0% used [0x00000000e4600000,0x00000000e4600000,0x00000000e6980000)
 ParOldGen       total 123904K, used 68758K [0x0000000080000000, 0x0000000087900000, 0x00000000d5580000)
  object space 123904K, 55% used [0x0000000080000000,0x00000000843259b0,0x0000000087900000)
 Metaspace       used 91558K, capacity 95672K, committed 95912K, reserved 1132544K
  class space    used 11773K, capacity 12637K, committed 12712K, reserved 1048576K
Event: 3064.201 GC heap after
Heap after GC invocations=31 (full 4):
 PSYoungGen      total 282624K, used 36341K [0x00000000d5580000, 0x00000000eaa00000, 0x0000000100000000)
  eden space 246272K, 0% used [0x00000000d5580000,0x00000000d5580000,0x00000000e4600000)
  from space 36352K, 99% used [0x00000000e4600000,0x00000000e697d5a8,0x00000000e6980000)
  to   space 44032K, 0% used [0x00000000e7f00000,0x00000000e7f00000,0x00000000eaa00000)
 ParOldGen       total 123904K, used 74254K [0x0000000080000000, 0x0000000087900000, 0x00000000d5580000)
  object space 123904K, 59% used [0x0000000080000000,0x00000000848838e0,0x0000000087900000)
 Metaspace       used 91558K, capacity 95672K, committed 95912K, reserved 1132544K
  class space    used 11773K, capacity 12637K, committed 12712K, reserved 1048576K
}
Event: 3103.760 GC heap before
{Heap before GC invocations=32 (full 4):
 PSYoungGen      total 282624K, used 282613K [0x00000000d5580000, 0x00000000eaa00000, 0x0000000100000000)
  eden space 246272K, 100% used [0x00000000d5580000,0x00000000e4600000,0x00000000e4600000)
  from space 36352K, 99% used [0x00000000e4600000,0x00000000e697d5a8,0x00000000e6980000)
  to   space 44032K, 0% used [0x00000000e7f00000,0x00000000e7f00000,0x00000000eaa00000)
 ParOldGen       total 123904K, used 74254K [0x0000000080000000, 0x0000000087900000, 0x00000000d5580000)
  object space 123904K, 59% used [0x0000000080000000,0x00000000848838e0,0x0000000087900000)
 Metaspace       used 95457K, capacity 99698K, committed 99880K, reserved 1136640K
  class space    used 12181K, capacity 13062K, committed 13096K, reserved 1048576K
Event: 3105.230 GC heap after
Heap after GC invocations=32 (full 4):
 PSYoungGen      total 292864K, used 44030K [0x00000000d5580000, 0x00000000ecc00000, 0x0000000100000000)
  eden space 248832K, 0% used [0x00000000d5580000,0x00000000d5580000,0x00000000e4880000)
  from space 44032K, 99% used [0x00000000e7f00000,0x00000000ea9ffbf8,0x00000000eaa00000)
  to   space 55808K, 0% used [0x00000000e4880000,0x00000000e4880000,0x00000000e7f00000)
 ParOldGen       total 123904K, used 87648K [0x0000000080000000, 0x0000000087900000, 0x00000000d5580000)
  object space 123904K, 70% used [0x0000000080000000,0x00000000855983c0,0x0000000087900000)
 Metaspace       used 95457K, capacity 99698K, committed 99880K, reserved 1136640K
  class space    used 12181K, capacity 13062K, committed 13096K, reserved 1048576K
}
Event: 3147.169 GC heap before
{Heap before GC invocations=33 (full 4):
 PSYoungGen      total 292864K, used 292862K [0x00000000d5580000, 0x00000000ecc00000, 0x0000000100000000)
  eden space 248832K, 100% used [0x00000000d5580000,0x00000000e4880000,0x00000000e4880000)
  from space 44032K, 99% used [0x00000000e7f00000,0x00000000ea9ffbf8,0x00000000eaa00000)
  to   space 55808K, 0% used [0x00000000e4880000,0x00000000e4880000,0x00000000e7f00000)
 ParOldGen       total 123904K, used 87648K [0x0000000080000000, 0x0000000087900000, 0x00000000d5580000)
  object space 123904K, 70% used [0x0000000080000000,0x00000000855983c0,0x0000000087900000)
 Metaspace       used 102060K, capacity 106518K, committed 106664K, reserved 1142784K
  class space    used 12971K, capacity 13906K, committed 13992K, reserved 1048576K
Event: 3148.561 GC heap after
Heap after GC invocations=33 (full 4):
 PSYoungGen      total 304640K, used 55527K [0x00000000d5580000, 0x00000000ee580000, 0x0000000100000000)
  eden space 248832K, 0% used [0x00000000d5580000,0x00000000d5580000,0x00000000e4880000)
  from space 55808K, 99% used [0x00000000e4880000,0x00000000e7eb9d90,0x00000000e7f00000)
  to   space 65024K, 0% used [0x00000000ea600000,0x00000000ea600000,0x00000000ee580000)
 ParOldGen       total 123904K, used 87656K [0x0000000080000000, 0x0000000087900000, 0x00000000d5580000)
  object space 123904K, 70% used [0x0000000080000000,0x000000008559a3c0,0x0000000087900000)
 Metaspace       used 102060K, capacity 106518K, committed 106664K, reserved 1142784K
  class space    used 12971K, capacity 13906K, committed 13992K, reserved 1048576K
}
Event: 3197.285 GC heap before
{Heap before GC invocations=34 (full 4):
 PSYoungGen      total 304640K, used 304359K [0x00000000d5580000, 0x00000000ee580000, 0x0000000100000000)
  eden space 248832K, 100% used [0x00000000d5580000,0x00000000e4880000,0x00000000e4880000)
  from space 55808K, 99% used [0x00000000e4880000,0x00000000e7eb9d90,0x00000000e7f00000)
  to   space 65024K, 0% used [0x00000000ea600000,0x00000000ea600000,0x00000000ee580000)
 ParOldGen       total 123904K, used 87656K [0x0000000080000000, 0x0000000087900000, 0x00000000d5580000)
  object space 123904K, 70% used [0x0000000080000000,0x000000008559a3c0,0x0000000087900000)
 Metaspace       used 103190K, capacity 107738K, committed 107816K, reserved 1142784K
  class space    used 13139K, capacity 14102K, committed 14120K, reserved 1048576K
Event: 3199.161 GC heap after
Heap after GC invocations=34 (full 4):
 PSYoungGen      total 335872K, used 59054K [0x00000000d5580000, 0x00000000efa80000, 0x0000000100000000)
  eden space 270848K, 0% used [0x00000000d5580000,0x00000000d5580000,0x00000000e5e00000)
  from space 65024K, 90% used [0x00000000ea600000,0x00000000edfabae8,0x00000000ee580000)
  to   space 73728K, 0% used [0x00000000e5e00000,0x00000000e5e00000,0x00000000ea600000)
 ParOldGen       total 123904K, used 87664K [0x0000000080000000, 0x0000000087900000, 0x00000000d5580000)
  object space 123904K, 70% used [0x0000000080000000,0x000000008559c3c0,0x0000000087900000)
 Metaspace       used 103190K, capacity 107738K, committed 107816K, reserved 1142784K
  class space    used 13139K, capacity 14102K, committed 14120K, reserved 1048576K
}

Deoptimization events (10 events):
Event: 3207.298 Thread 0x000000001aa52000 Uncommon trap: reason=class_check action=maybe_recompile pc=0x00000000034b636c method=sun.nio.fs.WindowsPath.compareTo(Ljava/nio/file/Path;)I @ 18
Event: 3207.300 Thread 0x000000001aa52000 Uncommon trap: reason=class_check action=maybe_recompile pc=0x00000000034b636c method=sun.nio.fs.WindowsPath.compareTo(Ljava/nio/file/Path;)I @ 18
Event: 3207.314 Thread 0x000000001aa52000 Uncommon trap: reason=class_check action=maybe_recompile pc=0x00000000034b636c method=sun.nio.fs.WindowsPath.compareTo(Ljava/nio/file/Path;)I @ 18
Event: 3207.315 Thread 0x000000001aa52000 Uncommon trap: reason=class_check action=maybe_recompile pc=0x00000000034b636c method=sun.nio.fs.WindowsPath.compareTo(Ljava/nio/file/Path;)I @ 18
Event: 3208.132 Thread 0x000000001aa52000 Uncommon trap: reason=unstable_if action=reinterpret pc=0x00000000034c205c method=java.nio.Bits.putInt(Ljava/nio/ByteBuffer;IIZ)V @ 1
Event: 3216.747 Thread 0x000000001aa52000 Uncommon trap: reason=bimorphic action=maybe_recompile pc=0x0000000003a92064 method=java.util.stream.ReferencePipeline.forEachWithCancel(Ljava/util/Spliterator;Ljava/util/stream/Sink;)V @ 1
Event: 3216.793 Thread 0x000000001aa52000 Uncommon trap: reason=unstable_if action=reinterpret pc=0x0000000004e9f710 method=java.util.Collections$SetFromMap.add(Ljava/lang/Object;)Z @ 13
Event: 3216.902 Thread 0x000000001aa52000 Uncommon trap: reason=unstable_if action=reinterpret pc=0x000000000321d614 method=java.util.HashMap.computeIfAbsent(Ljava/lang/Object;Ljava/util/function/Function;)Ljava/lang/Object; @ 145
Event: 3217.130 Thread 0x000000001aa52000 Uncommon trap: reason=bimorphic action=maybe_recompile pc=0x0000000003a92064 method=java.util.stream.ReferencePipeline.forEachWithCancel(Ljava/util/Spliterator;Ljava/util/stream/Sink;)V @ 1
Event: 3217.267 Thread 0x000000001aa52000 Uncommon trap: reason=bimorphic action=maybe_recompile pc=0x0000000003a92064 method=java.util.stream.ReferencePipeline.forEachWithCancel(Ljava/util/Spliterator;Ljava/util/stream/Sink;)V @ 1

Classes redefined (0 events):
No events

Internal exceptions (10 events):
Event: 3218.193 Thread 0x000000001aa52000 Exception <a 'sun/nio/fs/WindowsException'> (0x00000000d8acb740) thrown at [C:\src\AOSP-openjdk-git\hotspot\src\share\vm\prims\jni.cpp, line 710]
Event: 3218.193 Thread 0x000000001aa52000 Exception <a 'sun/nio/fs/WindowsException'> (0x00000000d8acbc88) thrown at [C:\src\AOSP-openjdk-git\hotspot\src\share\vm\prims\jni.cpp, line 710]
Event: 3218.194 Thread 0x000000001aa52000 Exception <a 'sun/nio/fs/WindowsException'> (0x00000000d8accad0) thrown at [C:\src\AOSP-openjdk-git\hotspot\src\share\vm\prims\jni.cpp, line 710]
Event: 3218.230 Thread 0x000000001aa52000 Exception <a 'sun/nio/fs/WindowsException'> (0x00000000d8ae1868) thrown at [C:\src\AOSP-openjdk-git\hotspot\src\share\vm\prims\jni.cpp, line 710]
Event: 3218.250 Thread 0x000000001aa52000 Exception <a 'sun/nio/fs/WindowsException'> (0x00000000d8aeb320) thrown at [C:\src\AOSP-openjdk-git\hotspot\src\share\vm\prims\jni.cpp, line 710]
Event: 3218.266 Thread 0x000000001aa52000 Exception <a 'sun/nio/fs/WindowsException'> (0x00000000d8bb2ef0) thrown at [C:\src\AOSP-openjdk-git\hotspot\src\share\vm\prims\jni.cpp, line 710]
Event: 3218.289 Thread 0x000000001aa52000 Exception <a 'sun/nio/fs/WindowsException'> (0x00000000d8bfb138) thrown at [C:\src\AOSP-openjdk-git\hotspot\src\share\vm\prims\jni.cpp, line 710]
Event: 3218.312 Thread 0x000000001aa52000 Exception <a 'sun/nio/fs/WindowsException'> (0x00000000d8c0c440) thrown at [C:\src\AOSP-openjdk-git\hotspot\src\share\vm\prims\jni.cpp, line 710]
Event: 3218.328 Thread 0x000000001aa52000 Exception <a 'sun/nio/fs/WindowsException'> (0x00000000d8c14310) thrown at [C:\src\AOSP-openjdk-git\hotspot\src\share\vm\prims\jni.cpp, line 710]
Event: 3218.347 Thread 0x000000001aa52000 Exception <a 'sun/nio/fs/WindowsException'> (0x00000000d8c1d920) thrown at [C:\src\AOSP-openjdk-git\hotspot\src\share\vm\prims\jni.cpp, line 710]

Events (10 events):
Event: 3222.142 loading class com/android/tools/r8/u/b/I0
Event: 3222.142 loading class com/android/tools/r8/u/b/I0 done
Event: 3222.142 loading class com/android/tools/r8/u/b/h0
Event: 3222.142 loading class com/android/tools/r8/u/b/h0 done
Event: 3222.142 loading class com/android/tools/r8/u/b/I0
Event: 3222.142 loading class com/android/tools/r8/u/b/I0 done
Event: 3222.154 loading class com/android/tools/r8/ir/conversion/B
Event: 3222.154 loading class com/android/tools/r8/ir/conversion/B done
Event: 3222.211 Thread 0x0000000019300800 DEOPT PACKING pc=0x0000000005e4615f sp=0x00000000283fd2e0
Event: 3222.211 Thread 0x0000000019300800 DEOPT UNPACKING pc=0x0000000002a371d0 sp=0x00000000283fd400 mode 0


Dynamic libraries:
0x00007ff73bbf0000 - 0x00007ff73bc21000 	C:\Program Files\Android\Android Studio1\jre\bin\java.exe
0x00007ffc4a1c0000 - 0x00007ffc4a382000 	C:\Windows\SYSTEM32\ntdll.dll
0x00007ffc478a0000 - 0x00007ffc4794d000 	C:\Windows\system32\KERNEL32.DLL
0x00007ffc475e0000 - 0x00007ffc477bd000 	C:\Windows\system32\KERNELBASE.dll
0x00007ffc48f30000 - 0x00007ffc48fd6000 	C:\Windows\system32\ADVAPI32.dll
0x00007ffc493b0000 - 0x00007ffc4944d000 	C:\Windows\system32\msvcrt.dll
0x00007ffc49dd0000 - 0x00007ffc49e2b000 	C:\Windows\system32\sechost.dll
0x00007ffc49e30000 - 0x00007ffc49f56000 	C:\Windows\system32\RPCRT4.dll
0x00007ffc49260000 - 0x00007ffc493ae000 	C:\Windows\system32\USER32.dll
0x00007ffc49be0000 - 0x00007ffc49d63000 	C:\Windows\system32\GDI32.dll
0x00007ffc3ac10000 - 0x00007ffc3ae84000 	C:\Windows\WinSxS\amd64_microsoft.windows.common-controls_6595b64144ccf1df_6.0.10240.17184_none_f41d7a705752bce6\COMCTL32.dll
0x00007ffc49f60000 - 0x00007ffc49f96000 	C:\Windows\system32\IMM32.DLL
0x00007ffc49450000 - 0x00007ffc495ac000 	C:\Windows\system32\MSCTF.dll
0x00000000690f0000 - 0x00000000691c2000 	C:\Program Files\Android\Android Studio1\jre\jre\bin\msvcr100.dll
0x00000000684a0000 - 0x0000000068ceb000 	C:\Program Files\Android\Android Studio1\jre\jre\bin\server\jvm.dll
0x00007ffc49a80000 - 0x00007ffc49a88000 	C:\Windows\system32\PSAPI.DLL
0x00007ffc3dc70000 - 0x00007ffc3dc7a000 	C:\Windows\SYSTEM32\VERSION.dll
0x00007ffc45240000 - 0x00007ffc45263000 	C:\Windows\SYSTEM32\WINMM.dll
0x00007ffc45100000 - 0x00007ffc4512c000 	C:\Windows\SYSTEM32\WINMMBASE.dll
0x00007ffc46ce0000 - 0x00007ffc46d24000 	C:\Windows\system32\cfgmgr32.dll
0x00007ffc454c0000 - 0x00007ffc454e7000 	C:\Windows\SYSTEM32\DEVOBJ.dll
0x00007ffc3d520000 - 0x00007ffc3d529000 	C:\Windows\SYSTEM32\WSOCK32.dll
0x00007ffc491f0000 - 0x00007ffc49259000 	C:\Windows\system32\WS2_32.dll
0x00007ffc4a1b0000 - 0x00007ffc4a1b8000 	C:\Windows\system32\NSI.dll
0x00007ffc41a50000 - 0x00007ffc41a5f000 	C:\Program Files\Android\Android Studio1\jre\jre\bin\verify.dll
0x00007ffc41a20000 - 0x00007ffc41a49000 	C:\Program Files\Android\Android Studio1\jre\jre\bin\java.dll
0x00007ffc3b7a0000 - 0x00007ffc3b7b6000 	C:\Program Files\Android\Android Studio1\jre\jre\bin\zip.dll
0x00007ffc47950000 - 0x00007ffc48e73000 	C:\Windows\system32\SHELL32.dll
0x00007ffc46d30000 - 0x00007ffc47359000 	C:\Windows\system32\windows.storage.dll
0x00007ffc49620000 - 0x00007ffc4989c000 	C:\Windows\system32\combase.dll
0x00007ffc48fe0000 - 0x00007ffc49031000 	C:\Windows\system32\shlwapi.dll
0x00007ffc46c50000 - 0x00007ffc46c5f000 	C:\Windows\system32\kernel.appcore.dll
0x00007ffc477c0000 - 0x00007ffc47873000 	C:\Windows\system32\shcore.dll
0x00007ffc46c00000 - 0x00007ffc46c4a000 	C:\Windows\system32\powrprof.dll
0x00007ffc46be0000 - 0x00007ffc46bf3000 	C:\Windows\system32\profapi.dll
0x00007ffc42dc0000 - 0x00007ffc42dda000 	C:\Program Files\Android\Android Studio1\jre\jre\bin\net.dll
0x00007ffc463f0000 - 0x00007ffc4644d000 	C:\Windows\system32\mswsock.dll
0x00007ffc3ddf0000 - 0x00007ffc3de03000 	C:\Program Files\Android\Android Studio1\jre\jre\bin\nio.dll
0x00007ffc34e60000 - 0x00007ffc34e86000 	C:\Users\ABHISHEK\.gradle\native\31\windows-amd64\native-platform.dll
0x00007ffc3dde0000 - 0x00007ffc3dded000 	C:\Program Files\Android\Android Studio1\jre\jre\bin\management.dll
0x00007ffc46450000 - 0x00007ffc46467000 	C:\Windows\SYSTEM32\CRYPTSP.dll
0x00007ffc46b10000 - 0x00007ffc46b38000 	C:\Windows\SYSTEM32\bcrypt.dll
0x00007ffc460a0000 - 0x00007ffc460d3000 	C:\Windows\system32\rsaenh.dll
0x00007ffc46190000 - 0x00007ffc461af000 	C:\Windows\SYSTEM32\USERENV.dll
0x00007ffc46990000 - 0x00007ffc469fb000 	C:\Windows\system32\bcryptprimitives.dll
0x00007ffc465c0000 - 0x00007ffc465cb000 	C:\Windows\SYSTEM32\CRYPTBASE.dll
0x00007ffc42000000 - 0x00007ffc42038000 	C:\Windows\SYSTEM32\IPHLPAPI.DLL
0x00007ffc41ff0000 - 0x00007ffc41ffb000 	C:\Windows\SYSTEM32\WINNSI.DLL
0x00007ffc418d0000 - 0x00007ffc418e6000 	C:\Windows\SYSTEM32\dhcpcsvc6.DLL
0x00007ffc416d0000 - 0x00007ffc416ea000 	C:\Windows\SYSTEM32\dhcpcsvc.DLL
0x00007ffc37a00000 - 0x00007ffc37a24000 	C:\Program Files\Android\Android Studio1\jre\jre\bin\sunec.dll
0x00007ffc461b0000 - 0x00007ffc46258000 	C:\Windows\SYSTEM32\DNSAPI.dll
0x00007ffc3abd0000 - 0x00007ffc3abda000 	C:\Windows\System32\rasadhlp.dll
0x00007ffc41960000 - 0x00007ffc419c8000 	C:\Windows\System32\fwpuclnt.dll
0x00007ffc3b7f0000 - 0x00007ffc3b7fb000 	C:\Program Files\Android\Android Studio1\jre\jre\bin\sunmscapi.dll
0x00007ffc47360000 - 0x00007ffc47521000 	C:\Windows\system32\CRYPT32.dll
0x00007ffc46c60000 - 0x00007ffc46c71000 	C:\Windows\system32\MSASN1.dll
0x00007ffc45f20000 - 0x00007ffc45f52000 	C:\Windows\SYSTEM32\ntmarta.dll
0x00007ffc45340000 - 0x00007ffc453b8000 	C:\Windows\system32\apphelp.dll
0x00007ffc371b0000 - 0x00007ffc3734c000 	C:\Program Files\Android\Android Studio1\jre\jre\bin\awt.dll
0x00007ffc49fa0000 - 0x00007ffc4a062000 	C:\Windows\system32\OLEAUT32.dll
0x00007ffc44a10000 - 0x00007ffc44a32000 	C:\Windows\SYSTEM32\dwmapi.dll
0x00007ffc3e370000 - 0x00007ffc3e8b5000 	C:\Windows\SYSTEM32\d2d1.dll
0x00007ffc454f0000 - 0x00007ffc45586000 	C:\Windows\system32\uxtheme.dll

VM Arguments:
jvm_args: -Xmx2048m -Dfile.encoding=windows-1252 -Duser.country=US -Duser.language=en -Duser.variant 
java_command: org.gradle.launcher.daemon.bootstrap.GradleDaemon 6.1.1
java_class_path (initial): C:\Users\ABHISHEK\.gradle\wrapper\dists\gradle-6.1.1-all\cfmwm155h49vnt3hynmlrsdst\gradle-6.1.1\lib\gradle-launcher-6.1.1.jar
Launcher Type: SUN_STANDARD

Environment Variables:
PATH=C:\Program Files\Java\bin;C:\Program Files\dotnet\;C:\MinGW\bin;C:\flutter\bin;C:\Windows\System32;C:\Program Files\Java\jdk-12.0.2\bin;C:\Program Files\Java\bin;C:\Program Files\dotnet\;C:\MinGW\bin;C:\Program Files\Git\cmd;C:\flutter\bin;C:\Windows\System32;C:\Program Files\Java\jdk-12.0.2\bin
USERNAME=AbHiSHek KmR
OS=Windows_NT
PROCESSOR_IDENTIFIER=Intel64 Family 6 Model 76 Stepping 3, GenuineIntel



---------------  S Y S T E M  ---------------

OS: Windows 10.0 , 64 bit Build 10240 (10.0.10240.17113)

CPU:total 2 (initial active 2) (2 cores per cpu, 1 threads per core) family 6 model 76 stepping 3, cmov, cx8, fxsr, mmx, sse, sse2, sse3, ssse3, sse4.1, sse4.2, popcnt, aes, clmul, erms, 3dnowpref, tsc, tscinvbit

Memory: 4k page, physical 1998796k(45540k free), swap 4540820k(4520k free)

vm_info: OpenJDK 64-Bit Server VM (25.242-b01) for windows-amd64 JRE (1.8.0_242-release-1644-b01), built by "builder" with MS VC++ 10.0 (VS2010)

time: Thu Oct 08 11:02:32 2020
timezone: India Standard Time
elapsed time: 3222 seconds (0d 0h 53m 42s)

